Build started 2012-03-11 16:55:53.
     1>Project "A:\media\projects\c++\turbo\turbo.vcxproj" on node 2 (build target(s)).
     1>InitializeBuildStatus:
         Creating "Debug\turbo.unsuccessfulbuild" because "AlwaysCreate" was specified.
       ClCompile:
         A:\tools\visual studio 2010\VC\bin\CL.exe /c /ZI /nologo /W3 /WX- /Od /Oy- /D WIN32 /D _DEBUG /D _CONSOLE /D _UNICODE /D UNICODE /Gm /EHsc /RTC1 /MDd /GS /fp:precise /Zc:wchar_t /Zc:forScope /Fo"Debug\\" /Fd"Debug\vc100.pdb" /Gd /TP /analyze- /errorReport:prompt myturbo.cpp
         myturbo.cpp
     1>a:\media\projects\c++\turbo\myturbo.cpp(67): warning C4244: '=' : conversion from 'LONGLONG' to 'int', possible loss of data
     1>a:\media\projects\c++\turbo\myturbo.cpp(120): warning C4244: '=' : conversion from 'LONGLONG' to 'int', possible loss of data
     1>a:\media\projects\c++\turbo\myturbo.cpp(155): warning C4244: '=' : conversion from 'LONGLONG' to 'int', possible loss of data
     1>a:\media\projects\c++\turbo\myturbo.cpp(32): warning C4101: 'rightTickFrames' : unreferenced local variable
     1>a:\media\projects\c++\turbo\myturbo.cpp(23): warning C4101: 'leftTick' : unreferenced local variable
     1>a:\media\projects\c++\turbo\myturbo.cpp(31): warning C4101: 'rightTick' : unreferenced local variable
     1>a:\media\projects\c++\turbo\myturbo.cpp(24): warning C4101: 'leftTickFrames' : unreferenced local variable
       ManifestResourceCompile:
         All outputs are up-to-date.
       Link:
         A:\tools\visual studio 2010\VC\bin\link.exe /ERRORREPORT:PROMPT /OUT:"A:\media\projects\c++\turbo\Debug\turbo.exe" /INCREMENTAL /NOLOGO kernel32.lib user32.lib gdi32.lib winspool.lib comdlg32.lib advapi32.lib shell32.lib ole32.lib oleaut32.lib uuid.lib odbc32.lib odbccp32.lib /MANIFEST /ManifestFile:"Debug\turbo.exe.intermediate.manifest" /MANIFESTUAC:"level='asInvoker' uiAccess='false'" /DEBUG /PDB:"A:\media\projects\c++\turbo\Debug\turbo.pdb" /SUBSYSTEM:CONSOLE /TLBID:1 /DYNAMICBASE /NXCOMPAT /IMPLIB:"A:\media\projects\c++\turbo\Debug\turbo.lib" /MACHINE:X86 Debug\turbo.exe.embed.manifest.res
         Debug\myturbo.obj
       Manifest:
         C:\Program Files (x86)\Microsoft SDKs\Windows\v7.0A\bin\mt.exe /nologo /verbose /out:"Debug\turbo.exe.embed.manifest" /manifest Debug\turbo.exe.intermediate.manifest
         All outputs are up-to-date.
       LinkEmbedManifest:
         All outputs are up-to-date.
         turbo.vcxproj -> A:\media\projects\c++\turbo\Debug\turbo.exe
       FinalizeBuildStatus:
         Deleting file "Debug\turbo.unsuccessfulbuild".
         Touching "Debug\turbo.lastbuildstate".
     1>Done Building Project "A:\media\projects\c++\turbo\turbo.vcxproj" (build target(s)).

Build succeeded.

Time Elapsed 00:00:00.63
