Build started 2012-03-22 13:42:36.
     1>Project "A:\media\projects\c++\turbo\turbo.vcxproj" on node 2 (build target(s)).
     1>InitializeBuildStatus:
         Creating "Release\turbo.unsuccessfulbuild" because "AlwaysCreate" was specified.
       ClCompile:
         A:\tools\visual studio 2010\VC\bin\CL.exe /c /Zi /nologo /W3 /WX- /MP /O2 /Oy- /GL /D WIN32 /D NDEBUG /D _CONSOLE /D _UNICODE /D UNICODE /Gm- /EHsc /MT /GS /fp:precise /Zc:wchar_t /Zc:forScope /Fo"Release\\" /Fd"Release\vc100.pdb" /Gd /TP /analyze- /errorReport:prompt myturbo.cpp
         myturbo.cpp
     1>myturbo.cpp(66): warning C4244: '=' : conversion from 'LONGLONG' to 'int', possible loss of data
     1>myturbo.cpp(119): warning C4244: '=' : conversion from 'LONGLONG' to 'int', possible loss of data
     1>myturbo.cpp(154): warning C4244: '=' : conversion from 'LONGLONG' to 'int', possible loss of data
     1>myturbo.cpp(31): warning C4101: 'rightTickFrames' : unreferenced local variable
     1>myturbo.cpp(22): warning C4101: 'leftTick' : unreferenced local variable
     1>myturbo.cpp(30): warning C4101: 'rightTick' : unreferenced local variable
     1>myturbo.cpp(23): warning C4101: 'leftTickFrames' : unreferenced local variable
       Link:
         A:\tools\visual studio 2010\VC\bin\link.exe /ERRORREPORT:PROMPT /OUT:"A:\media\projects\c++\turbo\Release\turbo.exe" /INCREMENTAL:NO /NOLOGO kernel32.lib user32.lib gdi32.lib winspool.lib comdlg32.lib advapi32.lib shell32.lib ole32.lib oleaut32.lib uuid.lib odbc32.lib odbccp32.lib /MANIFEST /ManifestFile:"Release\turbo.exe.intermediate.manifest" /MANIFESTUAC:"level='asInvoker' uiAccess='false'" /DEBUG /PDB:"A:\media\projects\c++\turbo\Release\turbo.pdb" /SUBSYSTEM:CONSOLE /OPT:REF /OPT:ICF /LTCG /TLBID:1 /DYNAMICBASE /NXCOMPAT /IMPLIB:"A:\media\projects\c++\turbo\Release\turbo.lib" /MACHINE:X86 Release\myturbo.obj
         Generating code
         Finished generating code
         turbo.vcxproj -> A:\media\projects\c++\turbo\Release\turbo.exe
       Manifest:
         C:\Program Files (x86)\Microsoft SDKs\Windows\v7.0A\bin\mt.exe /nologo /verbose /outputresource:"A:\media\projects\c++\turbo\Release\turbo.exe;#1" /manifest Release\turbo.exe.intermediate.manifest
       FinalizeBuildStatus:
         Deleting file "Release\turbo.unsuccessfulbuild".
         Touching "Release\turbo.lastbuildstate".
     1>Done Building Project "A:\media\projects\c++\turbo\turbo.vcxproj" (build target(s)).

Build succeeded.

Time Elapsed 00:00:00.97
